2023-02-06T14:47:41+00:00 DEBUG Tt4b_Pixel_Class::inject_add_to_cart_event: hit injectAddToCartEvent
2023-02-06T14:47:41+00:00 DEBUG Tt4b_Pixel_Class::inject_add_to_cart_event: Missing option "access_token"
2023-02-06T14:48:18+00:00 DEBUG Tt4b_Pixel_Class::inject_start_checkout: hit injectStartCheckout
2023-02-06T14:48:18+00:00 DEBUG Tt4b_Pixel_Class::inject_start_checkout: Missing option "access_token"
2023-02-06T14:49:00+00:00 DEBUG Tt4b_Pixel_Class::inject_add_to_cart_event: hit injectAddToCartEvent
2023-02-06T14:49:00+00:00 DEBUG Tt4b_Pixel_Class::inject_add_to_cart_event: Missing option "access_token"
2023-02-06T14:49:02+00:00 DEBUG Tt4b_Pixel_Class::inject_add_to_cart_event: hit injectAddToCartEvent
2023-02-06T14:49:02+00:00 DEBUG Tt4b_Pixel_Class::inject_add_to_cart_event: Missing option "access_token"
2023-02-06T14:51:22+00:00 DEBUG Tt4b_Pixel_Class::inject_add_to_cart_event: hit injectAddToCartEvent
2023-02-06T14:51:22+00:00 DEBUG Tt4b_Pixel_Class::inject_add_to_cart_event: Missing option "access_token"
2023-02-06T15:02:36+00:00 DEBUG tt4b_product_sync: missing access token for tt4b_product_sync
2023-02-06T15:18:28+00:00 DEBUG tt4b_product_sync: missing access token for tt4b_product_sync
2023-02-06T15:18:47+00:00 DEBUG tt4b_product_sync: missing access token for tt4b_product_sync
2023-02-06T15:18:54+00:00 DEBUG tt4b_product_sync: missing access token for tt4b_product_sync
2023-02-06T15:30:23+00:00 DEBUG tt4b_product_sync: missing access token for tt4b_product_sync
2023-02-06T15:30:23+00:00 DEBUG tt4b_product_delete: missing access token for tt4b_product_sync
2023-02-06T15:55:37+00:00 DEBUG tt4b_product_sync: missing access token for tt4b_product_sync
2023-02-06T15:56:22+00:00 DEBUG tt4b_product_sync: missing access token for tt4b_product_sync
2023-02-06T15:57:32+00:00 DEBUG Tt4b_Pixel_Class::inject_view_content_event: hit injectViewContentEvent
2023-02-06T15:57:32+00:00 DEBUG Tt4b_Pixel_Class::inject_view_content_event: Missing option "access_token"
2023-02-06T16:06:06+00:00 DEBUG Tt4b_Pixel_Class::inject_view_content_event: hit injectViewContentEvent
2023-02-06T16:06:06+00:00 DEBUG Tt4b_Pixel_Class::inject_view_content_event: Missing option "access_token"
2023-02-06T16:06:14+00:00 DEBUG Tt4b_Pixel_Class::inject_view_content_event: hit injectViewContentEvent
2023-02-06T16:06:14+00:00 DEBUG Tt4b_Pixel_Class::inject_view_content_event: Missing option "access_token"
2023-02-06T16:06:20+00:00 DEBUG Tt4b_Pixel_Class::inject_view_content_event: hit injectViewContentEvent
2023-02-06T16:06:20+00:00 DEBUG Tt4b_Pixel_Class::inject_view_content_event: Missing option "access_token"
2023-02-06T16:07:39+00:00 DEBUG Tt4b_Pixel_Class::inject_view_content_event: hit injectViewContentEvent
2023-02-06T16:07:39+00:00 DEBUG Tt4b_Pixel_Class::inject_view_content_event: Missing option "access_token"
2023-02-06T16:08:23+00:00 DEBUG Tt4b_Pixel_Class::inject_view_content_event: hit injectViewContentEvent
2023-02-06T16:08:23+00:00 DEBUG Tt4b_Pixel_Class::inject_view_content_event: Missing option "access_token"
2023-02-06T16:11:09+00:00 DEBUG tt4b_product_sync: missing access token for tt4b_product_sync
2023-02-06T16:12:19+00:00 DEBUG tt4b_product_sync: missing access token for tt4b_product_sync
2023-02-06T16:13:21+00:00 DEBUG tt4b_product_sync: missing access token for tt4b_product_sync
2023-02-06T16:49:04+00:00 DEBUG Tt4b_Pixel_Class::inject_view_content_event: hit injectViewContentEvent
2023-02-06T16:49:04+00:00 DEBUG Tt4b_Pixel_Class::inject_view_content_event: Missing option "access_token"
2023-02-06T16:50:08+00:00 DEBUG tt4b_product_sync: missing access token for tt4b_product_sync
2023-02-06T16:50:53+00:00 DEBUG tt4b_product_sync: missing access token for tt4b_product_sync
2023-02-06T16:51:46+00:00 DEBUG tt4b_product_sync: missing access token for tt4b_product_sync
2023-02-06T16:52:32+00:00 DEBUG tt4b_product_sync: missing access token for tt4b_product_sync
2023-02-06T16:52:55+00:00 DEBUG tt4b_product_sync: missing access token for tt4b_product_sync
2023-02-06T16:53:18+00:00 DEBUG Tt4b_Pixel_Class::inject_view_content_event: hit injectViewContentEvent
2023-02-06T16:53:18+00:00 DEBUG Tt4b_Pixel_Class::inject_view_content_event: Missing option "access_token"
2023-02-06T16:53:33+00:00 DEBUG Tt4b_Pixel_Class::inject_view_content_event: hit injectViewContentEvent
2023-02-06T16:53:33+00:00 DEBUG Tt4b_Pixel_Class::inject_view_content_event: Missing option "access_token"
2023-02-06T16:53:43+00:00 DEBUG Tt4b_Pixel_Class::inject_view_content_event: hit injectViewContentEvent
2023-02-06T16:53:43+00:00 DEBUG Tt4b_Pixel_Class::inject_view_content_event: Missing option "access_token"
2023-02-06T16:53:50+00:00 DEBUG Tt4b_Pixel_Class::inject_view_content_event: hit injectViewContentEvent
2023-02-06T16:53:50+00:00 DEBUG Tt4b_Pixel_Class::inject_view_content_event: Missing option "access_token"
2023-02-06T17:11:44+00:00 DEBUG Tt4b_Pixel_Class::inject_view_content_event: hit injectViewContentEvent
2023-02-06T17:11:44+00:00 DEBUG Tt4b_Pixel_Class::inject_view_content_event: Missing option "access_token"
2023-02-06T17:14:10+00:00 DEBUG Tt4b_Pixel_Class::inject_view_content_event: hit injectViewContentEvent
2023-02-06T17:14:10+00:00 DEBUG Tt4b_Pixel_Class::inject_view_content_event: Missing option "access_token"
2023-02-06T17:14:17+00:00 DEBUG Tt4b_Pixel_Class::inject_view_content_event: hit injectViewContentEvent
2023-02-06T17:14:17+00:00 DEBUG Tt4b_Pixel_Class::inject_view_content_event: Missing option "access_token"
2023-02-06T17:14:29+00:00 DEBUG Tt4b_Pixel_Class::inject_view_content_event: hit injectViewContentEvent
2023-02-06T17:14:29+00:00 DEBUG Tt4b_Pixel_Class::inject_view_content_event: Missing option "access_token"
