2023-01-31T15:37:56+00:00 DEBUG Tt4b_Pixel_Class::inject_start_checkout: hit injectStartCheckout
2023-01-31T15:37:56+00:00 DEBUG Tt4b_Pixel_Class::inject_start_checkout: Missing option "access_token"
2023-01-31T15:39:29+00:00 DEBUG Tt4b_Pixel_Class::inject_view_content_event: hit injectViewContentEvent
2023-01-31T15:39:29+00:00 DEBUG Tt4b_Pixel_Class::inject_view_content_event: Missing option "access_token"
2023-01-31T15:43:30+00:00 DEBUG Tt4b_Pixel_Class::inject_add_to_cart_event: hit injectAddToCartEvent
2023-01-31T15:43:30+00:00 DEBUG Tt4b_Pixel_Class::inject_add_to_cart_event: Missing option "access_token"
2023-01-31T15:43:32+00:00 DEBUG Tt4b_Pixel_Class::inject_start_checkout: hit injectStartCheckout
2023-01-31T15:43:32+00:00 DEBUG Tt4b_Pixel_Class::inject_start_checkout: Missing option "access_token"
2023-01-31T15:43:48+00:00 DEBUG Tt4b_Pixel_Class::inject_start_checkout: hit injectStartCheckout
2023-01-31T15:43:48+00:00 DEBUG Tt4b_Pixel_Class::inject_start_checkout: Missing option "access_token"
2023-01-31T15:54:55+00:00 DEBUG tt4b_product_sync: missing access token for tt4b_product_sync
2023-01-31T15:54:55+00:00 DEBUG tt4b_product_delete: missing access token for tt4b_product_sync
2023-01-31T15:55:13+00:00 DEBUG tt4b_product_sync: missing access token for tt4b_product_sync
2023-01-31T15:56:29+00:00 DEBUG tt4b_product_sync: missing access token for tt4b_product_sync
2023-01-31T15:56:41+00:00 DEBUG tt4b_product_sync: missing access token for tt4b_product_sync
2023-01-31T15:57:10+00:00 DEBUG Tt4b_Pixel_Class::inject_start_checkout: hit injectStartCheckout
2023-01-31T15:57:10+00:00 DEBUG Tt4b_Pixel_Class::inject_start_checkout: Missing option "access_token"
2023-01-31T16:03:31+00:00 DEBUG tt4b_product_sync: missing access token for tt4b_product_sync
2023-01-31T16:03:31+00:00 DEBUG tt4b_product_delete: missing access token for tt4b_product_sync
2023-01-31T16:03:50+00:00 DEBUG Tt4b_Pixel_Class::inject_add_to_cart_event: hit injectAddToCartEvent
2023-01-31T16:03:50+00:00 DEBUG Tt4b_Pixel_Class::inject_add_to_cart_event: Missing option "access_token"
2023-01-31T16:03:53+00:00 DEBUG Tt4b_Pixel_Class::inject_start_checkout: hit injectStartCheckout
2023-01-31T16:03:53+00:00 DEBUG Tt4b_Pixel_Class::inject_start_checkout: Missing option "access_token"
2023-01-31T16:04:09+00:00 DEBUG tt4b_product_sync: missing access token for tt4b_product_sync
2023-01-31T16:04:09+00:00 DEBUG tt4b_product_delete: missing access token for tt4b_product_sync
2023-01-31T16:04:19+00:00 DEBUG tt4b_product_sync: missing access token for tt4b_product_sync
2023-01-31T16:04:19+00:00 DEBUG tt4b_product_delete: missing access token for tt4b_product_sync
2023-01-31T16:05:13+00:00 DEBUG tt4b_product_sync: missing access token for tt4b_product_sync
2023-01-31T16:05:31+00:00 DEBUG tt4b_product_sync: missing access token for tt4b_product_sync
2023-01-31T16:06:48+00:00 DEBUG tt4b_product_sync: missing access token for tt4b_product_sync
2023-01-31T16:07:50+00:00 DEBUG tt4b_product_sync: missing access token for tt4b_product_sync
2023-01-31T16:08:37+00:00 DEBUG tt4b_product_sync: missing access token for tt4b_product_sync
2023-01-31T16:13:38+00:00 DEBUG tt4b_product_sync: missing access token for tt4b_product_sync
2023-01-31T16:14:00+00:00 DEBUG Tt4b_Pixel_Class::inject_view_content_event: hit injectViewContentEvent
2023-01-31T16:14:00+00:00 DEBUG Tt4b_Pixel_Class::inject_view_content_event: Missing option "access_token"
2023-01-31T16:14:43+00:00 DEBUG tt4b_product_sync: missing access token for tt4b_product_sync
2023-01-31T16:15:30+00:00 DEBUG Tt4b_Pixel_Class::inject_view_content_event: hit injectViewContentEvent
2023-01-31T16:15:30+00:00 DEBUG Tt4b_Pixel_Class::inject_view_content_event: Missing option "access_token"
2023-01-31T16:16:23+00:00 DEBUG tt4b_product_sync: missing access token for tt4b_product_sync
2023-01-31T16:16:47+00:00 DEBUG tt4b_product_sync: missing access token for tt4b_product_sync
2023-01-31T16:17:00+00:00 DEBUG Tt4b_Pixel_Class::inject_view_content_event: hit injectViewContentEvent
2023-01-31T16:17:00+00:00 DEBUG Tt4b_Pixel_Class::inject_view_content_event: Missing option "access_token"
2023-01-31T16:17:28+00:00 DEBUG tt4b_product_sync: missing access token for tt4b_product_sync
2023-01-31T16:17:36+00:00 DEBUG tt4b_product_sync: missing access token for tt4b_product_sync
2023-01-31T16:18:26+00:00 DEBUG tt4b_product_sync: missing access token for tt4b_product_sync
2023-01-31T16:20:37+00:00 DEBUG tt4b_product_sync: missing access token for tt4b_product_sync
2023-01-31T16:20:44+00:00 DEBUG tt4b_product_sync: missing access token for tt4b_product_sync
2023-01-31T16:21:26+00:00 DEBUG tt4b_product_sync: missing access token for tt4b_product_sync
2023-01-31T16:21:48+00:00 DEBUG tt4b_product_sync: missing access token for tt4b_product_sync
2023-01-31T16:22:04+00:00 DEBUG tt4b_product_sync: missing access token for tt4b_product_sync
2023-01-31T16:22:47+00:00 DEBUG tt4b_product_sync: missing access token for tt4b_product_sync
2023-01-31T16:24:16+00:00 DEBUG Tt4b_Pixel_Class::inject_add_to_cart_event: hit injectAddToCartEvent
2023-01-31T16:24:16+00:00 DEBUG Tt4b_Pixel_Class::inject_add_to_cart_event: Missing option "access_token"
2023-01-31T16:32:37+00:00 DEBUG Tt4b_Pixel_Class::inject_view_content_event: hit injectViewContentEvent
2023-01-31T16:32:37+00:00 DEBUG Tt4b_Pixel_Class::inject_view_content_event: Missing option "access_token"
